# JRE version: OpenJDK Runtime Environment Temurin-17.0.3+7 (17.0.3+7) (build 17.0.3+7)
# Java VM: OpenJDK 64-Bit Server VM Temurin-17.0.3+7 (17.0.3+7, mixed mode, tiered, compressed oops, compressed class ptrs, g1 gc, windows-amd64)
GC Precious Log:
 CPUs: 16 total, 16 available
 Memory: 16071M
 Large Page Support: Disabled
 NUMA Support: Disabled
 Compressed Oops: Enabled (Zero based)
 Heap Region Size: 2M
 Heap Min Capacity: 8M
 Heap Initial Capacity: 252M
 Heap Max Capacity: 4018M
 Pre-touch: Disabled
 Parallel Workers: 13
 Concurrent Workers: 3
 Concurrent Refinement Workers: 13
 Periodic GC: Disabled
Heap:
 garbage-first heap   total 577536K, used 320127K [0x0000000704e00000, 0x0000000800000000)
  region size 2048K, 1 young (2048K), 1 survivors (2048K)
 Metaspace       used 3777K, committed 3968K, reserved 1056768K
  class space    used 305K, committed 384K, reserved 1048576K
GC Heap History (20 events):
Event: 2.102 GC heap before
{Heap before GC invocations=2 (full 0):
 garbage-first heap   total 258048K, used 88723K [0x0000000704e00000, 0x0000000800000000)
  region size 2048K, 1 young (2048K), 1 survivors (2048K)
 Metaspace       used 3777K, committed 3968K, reserved 1056768K
  class space    used 305K, committed 384K, reserved 1048576K
}
Event: 2.102 GC heap after
{Heap after GC invocations=3 (full 0):
 garbage-first heap   total 258048K, used 29352K [0x0000000704e00000, 0x0000000800000000)
  region size 2048K, 1 young (2048K), 1 survivors (2048K)
 Metaspace       used 3777K, committed 3968K, reserved 1056768K
  class space    used 305K, committed 384K, reserved 1048576K
}
Event: 2.200 GC heap before
{Heap before GC invocations=3 (full 0):
 garbage-first heap   total 258048K, used 109224K [0x0000000704e00000, 0x0000000800000000)
  region size 2048K, 2 young (4096K), 1 survivors (2048K)
 Metaspace       used 3777K, committed 3968K, reserved 1056768K
  class space    used 305K, committed 384K, reserved 1048576K
}
Event: 2.200 GC heap after
{Heap after GC invocations=4 (full 0):
 garbage-first heap   total 258048K, used 68226K [0x0000000704e00000, 0x0000000800000000)
  region size 2048K, 1 young (2048K), 1 survivors (2048K)
 Metaspace       used 3777K, committed 3968K, reserved 1056768K
  class space    used 305K, committed 384K, reserved 1048576K
}
Event: 2.213 GC heap before
{Heap before GC invocations=4 (full 0):
 garbage-first heap   total 258048K, used 88706K [0x0000000704e00000, 0x0000000800000000)
  region size 2048K, 1 young (2048K), 1 survivors (2048K)
 Metaspace       used 3777K, committed 3968K, reserved 1056768K
  class space    used 305K, committed 384K, reserved 1048576K
}
Event: 2.214 GC heap after
{Heap after GC invocations=5 (full 0):
 garbage-first heap   total 258048K, used 78471K [0x0000000704e00000, 0x0000000800000000)
  region size 2048K, 1 young (2048K), 1 survivors (2048K)
 Metaspace       used 3777K, committed 3968K, reserved 1056768K
  class space    used 305K, committed 384K, reserved 1048576K
}
Event: 2.260 GC heap before
{Heap before GC invocations=5 (full 0):
 garbage-first heap   total 258048K, used 117383K [0x0000000704e00000, 0x0000000800000000)
  region size 2048K, 1 young (2048K), 1 survivors (2048K)
 Metaspace       used 3777K, committed 3968K, reserved 1056768K
  class space    used 305K, committed 384K, reserved 1048576K
}
Event: 2.260 GC heap after
{Heap after GC invocations=6 (full 0):
 garbage-first heap   total 258048K, used 96927K [0x0000000704e00000, 0x0000000800000000)
  region size 2048K, 1 young (2048K), 1 survivors (2048K)
 Metaspace       used 3777K, committed 3968K, reserved 1056768K
  class space    used 305K, committed 384K, reserved 1048576K
}
Event: 2.328 GC heap before
{Heap before GC invocations=6 (full 0):
 garbage-first heap   total 258048K, used 172703K [0x0000000704e00000, 0x0000000800000000)
  region size 2048K, 1 young (2048K), 1 survivors (2048K)
 Metaspace       used 3777K, committed 3968K, reserved 1056768K
  class space    used 305K, committed 384K, reserved 1048576K
}
Event: 2.370 GC heap after
{Heap after GC invocations=7 (full 0):
 garbage-first heap   total 335872K, used 133782K [0x0000000704e00000, 0x0000000800000000)
  region size 2048K, 1 young (2048K), 1 survivors (2048K)
 Metaspace       used 3777K, committed 3968K, reserved 1056768K
  class space    used 305K, committed 384K, reserved 1048576K
}
Event: 2.658 GC heap before
{Heap before GC invocations=7 (full 0):
 garbage-first heap   total 407552K, used 283286K [0x0000000704e00000, 0x0000000800000000)
  region size 2048K, 2 young (4096K), 1 survivors (2048K)
 Metaspace       used 3777K, committed 3968K, reserved 1056768K
  class space    used 305K, committed 384K, reserved 1048576K
}
Event: 2.659 GC heap after
{Heap after GC invocations=8 (full 0):
 garbage-first heap   total 407552K, used 207495K [0x0000000704e00000, 0x0000000800000000)
  region size 2048K, 1 young (2048K), 1 survivors (2048K)
 Metaspace       used 3777K, committed 3968K, reserved 1056768K
  class space    used 305K, committed 384K, reserved 1048576K
}
Event: 3.561 GC heap before
{Heap before GC invocations=9 (full 0):
 garbage-first heap   total 577536K, used 463495K [0x0000000704e00000, 0x0000000800000000)
  region size 2048K, 2 young (4096K), 1 survivors (2048K)
 Metaspace       used 3777K, committed 3968K, reserved 1056768K
  class space    used 305K, committed 384K, reserved 1048576K
}
Event: 3.562 GC heap after
{Heap after GC invocations=10 (full 0):
 garbage-first heap   total 577536K, used 171229K [0x0000000704e00000, 0x0000000800000000)
  region size 2048K, 1 young (2048K), 1 survivors (2048K)
 Metaspace       used 3777K, committed 3968K, reserved 1056768K
  class space    used 305K, committed 384K, reserved 1048576K
}
Event: 3.616 GC heap before
{Heap before GC invocations=10 (full 0):
 garbage-first heap   total 577536K, used 253149K [0x0000000704e00000, 0x0000000800000000)
  region size 2048K, 1 young (2048K), 1 survivors (2048K)
 Metaspace       used 3777K, committed 3968K, reserved 1056768K
  class space    used 305K, committed 384K, reserved 1048576K
}
Event: 3.617 GC heap after
{Heap after GC invocations=11 (full 0):
 garbage-first heap   total 577536K, used 209567K [0x0000000704e00000, 0x0000000800000000)
  region size 2048K, 1 young (2048K), 1 survivors (2048K)
 Metaspace       used 3777K, committed 3968K, reserved 1056768K
  class space    used 305K, committed 384K, reserved 1048576K
}
Event: 3.661 GC heap before
{Heap before GC invocations=11 (full 0):
 garbage-first heap   total 577536K, used 285343K [0x0000000704e00000, 0x0000000800000000)
  region size 2048K, 1 young (2048K), 1 survivors (2048K)
 Metaspace       used 3777K, committed 3968K, reserved 1056768K
  class space    used 305K, committed 384K, reserved 1048576K
}
Event: 3.662 GC heap after
{Heap after GC invocations=12 (full 0):
 garbage-first heap   total 577536K, used 246427K [0x0000000704e00000, 0x0000000800000000)
  region size 2048K, 1 young (2048K), 1 survivors (2048K)
 Metaspace       used 3777K, committed 3968K, reserved 1056768K
  class space    used 305K, committed 384K, reserved 1048576K
}
Event: 3.989 GC heap before
{Heap before GC invocations=12 (full 0):
 garbage-first heap   total 577536K, used 395931K [0x0000000704e00000, 0x0000000800000000)
  region size 2048K, 1 young (2048K), 1 survivors (2048K)
 Metaspace       used 3777K, committed 3968K, reserved 1056768K
  class space    used 305K, committed 384K, reserved 1048576K
}
Event: 3.995 GC heap after
{Heap after GC invocations=13 (full 0):
 garbage-first heap   total 577536K, used 320127K [0x0000000704e00000, 0x0000000800000000)
  region size 2048K, 1 young (2048K), 1 survivors (2048K)
 Metaspace       used 3777K, committed 3968K, reserved 1056768K
  class space    used 305K, committed 384K, reserved 1048576K
}

